<?xml version="1.0" encoding="UTF-8"?>
<!-- Generated by org.testng.reporters.JUnitReportReporter -->
<testsuite hostname="DESKTOP-7EUDCAL" failures="0" tests="2" name="Parameters.ParameterTest" time="0.025" errors="0" timestamp="2023-04-16T13:56:04 GMT-04:00" skipped="0">
  <testcase classname="Parameters.ParameterTest" name="logintest" time="0.023"/>
  <system-out/>
  <testcase classname="Parameters.ParameterTest" name="logintest" time="0.002"/>
  <system-out/>
</testsuite> <!-- Parameters.ParameterTest -->
