<?xml version="1.0" encoding="UTF-8"?>
<!-- Generated by org.testng.reporters.JUnitReportReporter -->
<testsuite hostname="DESKTOP-7EUDCAL" failures="0" tests="2" name="Ignore.Enable_Ignore_Tests" time="0.008" errors="0" timestamp="2023-04-16T13:31:50 GMT-04:00" skipped="1">
  <testcase classname="Ignore.Enable_Ignore_Tests" name="test1" time="0.008"/>
  <system-out/>
  <testcase classname="Ignore.Enable_Ignore_Tests" name="test2">
    <skipped/>
  </testcase> <!-- test2 -->
  <system-out/>
</testsuite> <!-- Ignore.Enable_Ignore_Tests -->
