<?xml version="1.0" encoding="UTF-8"?>
<!-- Generated by org.testng.reporters.JUnitReportReporter -->
<testsuite hostname="DESKTOP-7EUDCAL" failures="0" tests="3" name="Parallel_Execution.Parallel_Execution" time="33.093" errors="0" timestamp="2023-04-16T13:47:10 GMT-04:00" skipped="0">
  <testcase classname="Parallel_Execution.Parallel_Execution" name="test3" time="11.054"/>
  <system-out/>
  <testcase classname="Parallel_Execution.Parallel_Execution" name="test1" time="11.574"/>
  <system-out/>
  <testcase classname="Parallel_Execution.Parallel_Execution" name="test2" time="10.465"/>
  <system-out/>
</testsuite> <!-- Parallel_Execution.Parallel_Execution -->
