<?xml version="1.0" encoding="UTF-8"?>
<!-- Generated by org.testng.reporters.JUnitReportReporter -->
<testsuite hostname="DESKTOP-7EUDCAL" failures="0" tests="5" name="Groups.GroupTest" time="0.022" errors="0" timestamp="2023-03-14T22:17:32 GMT-04:00" skipped="0">
  <testcase classname="Groups.GroupTest" name="test2" time="0.002"/>
  <system-out/>
  <testcase classname="Groups.GroupTest" name="test4" time="0.002"/>
  <system-out/>
  <testcase classname="Groups.GroupTest" name="test3" time="0.001"/>
  <system-out/>
  <testcase classname="Groups.GroupTest" name="test5" time="0.002"/>
  <system-out/>
  <testcase classname="Groups.GroupTest" name="test1" time="0.015"/>
  <system-out/>
</testsuite> <!-- Groups.GroupTest -->
