<?xml version="1.0" encoding="UTF-8"?>
<!-- Generated by org.testng.reporters.JUnitReportReporter -->
<testsuite hostname="DESKTOP-7EUDCAL" failures="0" tests="2" name="Annotations.Annotations" time="0.012" errors="0" timestamp="2022-08-21T13:24:18 GMT-04:00" skipped="0">
  <testcase classname="Annotations.Annotations" name="method2" time="0.003"/>
  <system-out/>
  <testcase classname="Annotations.Annotations" name="method1" time="0.009"/>
  <system-out/>
</testsuite> <!-- Annotations.Annotations -->
