<?xml version="1.0" encoding="UTF-8"?>
<!-- Generated by org.testng.reporters.JUnitReportReporter -->
<testsuite hostname="DESKTOP-7EUDCAL" failures="0" tests="5" name="Invocation.InvocationTest" time="0.032" errors="0" timestamp="2022-08-21T13:56:45 GMT-04:00" skipped="0">
  <testcase classname="Invocation.InvocationTest" name="test" time="0.024"/>
  <system-out/>
  <testcase classname="Invocation.InvocationTest" name="test" time="0.002"/>
  <system-out/>
  <testcase classname="Invocation.InvocationTest" name="test" time="0.002"/>
  <system-out/>
  <testcase classname="Invocation.InvocationTest" name="test" time="0.001"/>
  <system-out/>
  <testcase classname="Invocation.InvocationTest" name="test" time="0.003"/>
  <system-out/>
</testsuite> <!-- Invocation.InvocationTest -->
