<?xml version="1.0" encoding="UTF-8"?>
<!-- Generated by org.testng.reporters.JUnitReportReporter -->
<testsuite hostname="DESKTOP-7EUDCAL" failures="0" tests="1" name="ExceptionHandleTimeOut.Expected_Exception" time="0.014" errors="0" timestamp="2023-04-16T13:21:30 GMT-04:00" skipped="0">
  <testcase classname="ExceptionHandleTimeOut.Expected_Exception" name="test" time="0.014"/>
  <system-out/>
</testsuite> <!-- ExceptionHandleTimeOut.Expected_Exception -->
