<?xml version="1.0" encoding="UTF-8"?>
<!-- Generated by org.testng.reporters.JUnitReportReporter -->
<testsuite hostname="DESKTOP-7EUDCAL" failures="0" tests="3" name="Priority.PriorityTest" time="0.029" errors="0" timestamp="2023-04-16T14:07:50 GMT-04:00" skipped="0">
  <testcase classname="Priority.PriorityTest" name="Cmethod" time="0.024"/>
  <system-out/>
  <testcase classname="Priority.PriorityTest" name="method" time="0.002"/>
  <system-out/>
  <testcase classname="Priority.PriorityTest" name="Amethod" time="0.003"/>
  <system-out/>
</testsuite> <!-- Priority.PriorityTest -->
