<?xml version="1.0" encoding="UTF-8"?>
<!-- Generated by org.testng.reporters.JUnitReportReporter -->
<testsuite hostname="DESKTOP-7EUDCAL" failures="0" tests="3" name="Data_Provider.DataProvider_Data" time="0.015" errors="0" timestamp="2022-08-21T13:42:56 GMT-04:00" skipped="0">
  <testcase classname="Data_Provider.DataProvider_Data" name="data" time="0.002"/>
  <system-out/>
  <testcase classname="Data_Provider.DataProvider_Data" name="data" time="0.002"/>
  <system-out/>
  <testcase classname="Data_Provider.DataProvider_Data" name="data" time="0.011"/>
  <system-out/>
</testsuite> <!-- Data_Provider.DataProvider_Data -->
